2024-09-20 00:55:59,504 - __main__ - INFO - DATA file: /Users/s2223060/Desktop/primordial_features/data/DESI/QSO/pk/SecondGenMocks_EZmock_v1_QSO_NGC_0.8-2.1_mock_1_d0.001.npy
2024-09-20 00:55:59,504 - __main__ - INFO - COV file: /Users/s2223060/Desktop/primordial_features/data/DESI/QSO/cov/COV_SecondGenMocks_EZmock_v1_QSO_NGC_0.8-2.1_d0.001.txt
2024-09-20 00:55:59,504 - __main__ - INFO - Window function (NGC): None
2024-09-20 00:55:59,504 - __main__ - INFO - Window function (SGC): None
2024-09-20 00:55:59,504 - __main__ - INFO - linear matter power spectrum: /Users/s2223060/Desktop/primordial_features/cosmologies/power_spectrum/DESI_plin_wiggle.txt
2024-09-20 00:55:59,504 - __main__ - INFO - primordial feature model: lin
2024-09-20 00:55:59,504 - __main__ - INFO - prior_name: lin_range1
2024-09-20 00:55:59,504 - __main__ - INFO - nwalkers_per_param: 10
2024-09-20 00:55:59,504 - __main__ - INFO - priors_dir: /Users/s2223060/Desktop/primordial_features/priors
2024-09-20 00:55:59,504 - __main__ - INFO - MULTIPROCESSING: True
2024-09-20 00:55:59,504 - __main__ - INFO - Processes: 8
2024-09-20 00:55:59,504 - PowerSpectrumStatistics - INFO - Loading /Users/s2223060/Desktop/primordial_features/data/DESI/QSO/pk/SecondGenMocks_EZmock_v1_QSO_NGC_0.8-2.1_mock_1_d0.001.npy.
2024-09-20 00:55:59,606 - mcmc_toolkit - INFO - Using lin_range1 file
2024-09-20 00:55:59,606 - mcmc_toolkit - INFO - Number of walkers set to 120
2024-09-20 00:55:59,606 - __main__ - INFO - Gelman-Rubin convergence criteria: {'N': 4, 'epsilon': 0.03, 'min_length': 10000, 'convergence_steps': 5000, 'initial': 'uniform_prior'}
2024-09-20 00:55:59,606 - mcmc_toolkit - INFO - Using uniform prior
2024-09-20 00:55:59,606 - mcmc_toolkit - INFO - Using uniform prior
2024-09-20 00:55:59,606 - mcmc_toolkit - INFO - Using uniform prior
2024-09-20 00:55:59,606 - mcmc_toolkit - INFO - Using uniform prior
2024-09-20 00:55:59,664 - mcmc_toolkit - INFO - You are considering 10000 as the minimum length for the chain
2024-09-20 00:55:59,664 - mcmc_toolkit - INFO - Convergence test happens every 5000 steps
2024-09-20 00:55:59,664 - mcmc_toolkit - INFO - Number of walkers: 120
2024-09-20 00:55:59,664 - mcmc_toolkit - INFO - Number of Parameters: 12
2024-09-20 00:55:59,664 - mcmc_toolkit - INFO - Number of parallel chains: 4
2024-09-20 00:55:59,695 - mcmc_toolkit - INFO - Preparing chain 0
2024-09-20 00:55:59,696 - mcmc_toolkit - INFO - Go!
2024-09-20 00:56:02,393 - __mp_main__ - INFO - DATA file: /Users/s2223060/Desktop/primordial_features/data/DESI/QSO/pk/SecondGenMocks_EZmock_v1_QSO_NGC_0.8-2.1_mock_1_d0.001.npy
2024-09-20 00:56:02,393 - __mp_main__ - INFO - DATA file: /Users/s2223060/Desktop/primordial_features/data/DESI/QSO/pk/SecondGenMocks_EZmock_v1_QSO_NGC_0.8-2.1_mock_1_d0.001.npy
2024-09-20 00:56:02,393 - __mp_main__ - INFO - DATA file: /Users/s2223060/Desktop/primordial_features/data/DESI/QSO/pk/SecondGenMocks_EZmock_v1_QSO_NGC_0.8-2.1_mock_1_d0.001.npy
2024-09-20 00:56:02,393 - __mp_main__ - INFO - COV file: /Users/s2223060/Desktop/primordial_features/data/DESI/QSO/cov/COV_SecondGenMocks_EZmock_v1_QSO_NGC_0.8-2.1_d0.001.txt
2024-09-20 00:56:02,393 - __mp_main__ - INFO - COV file: /Users/s2223060/Desktop/primordial_features/data/DESI/QSO/cov/COV_SecondGenMocks_EZmock_v1_QSO_NGC_0.8-2.1_d0.001.txt
2024-09-20 00:56:02,393 - __mp_main__ - INFO - Window function (NGC): None
2024-09-20 00:56:02,394 - __mp_main__ - INFO - Window function (NGC): None
2024-09-20 00:56:02,394 - __mp_main__ - INFO - Window function (SGC): None
2024-09-20 00:56:02,394 - __mp_main__ - INFO - Window function (SGC): None
2024-09-20 00:56:02,393 - __mp_main__ - INFO - DATA file: /Users/s2223060/Desktop/primordial_features/data/DESI/QSO/pk/SecondGenMocks_EZmock_v1_QSO_NGC_0.8-2.1_mock_1_d0.001.npy
2024-09-20 00:56:02,394 - __mp_main__ - INFO - linear matter power spectrum: /Users/s2223060/Desktop/primordial_features/cosmologies/power_spectrum/DESI_plin_wiggle.txt
2024-09-20 00:56:02,394 - __mp_main__ - INFO - linear matter power spectrum: /Users/s2223060/Desktop/primordial_features/cosmologies/power_spectrum/DESI_plin_wiggle.txt
2024-09-20 00:56:02,394 - __mp_main__ - INFO - primordial feature model: lin
2024-09-20 00:56:02,394 - __mp_main__ - INFO - COV file: /Users/s2223060/Desktop/primordial_features/data/DESI/QSO/cov/COV_SecondGenMocks_EZmock_v1_QSO_NGC_0.8-2.1_d0.001.txt
2024-09-20 00:56:02,394 - __mp_main__ - INFO - primordial feature model: lin
2024-09-20 00:56:02,394 - __mp_main__ - INFO - prior_name: lin_range1
2024-09-20 00:56:02,393 - __mp_main__ - INFO - DATA file: /Users/s2223060/Desktop/primordial_features/data/DESI/QSO/pk/SecondGenMocks_EZmock_v1_QSO_NGC_0.8-2.1_mock_1_d0.001.npy
2024-09-20 00:56:02,393 - __mp_main__ - INFO - DATA file: /Users/s2223060/Desktop/primordial_features/data/DESI/QSO/pk/SecondGenMocks_EZmock_v1_QSO_NGC_0.8-2.1_mock_1_d0.001.npy
2024-09-20 00:56:02,394 - __mp_main__ - INFO - DATA file: /Users/s2223060/Desktop/primordial_features/data/DESI/QSO/pk/SecondGenMocks_EZmock_v1_QSO_NGC_0.8-2.1_mock_1_d0.001.npy
2024-09-20 00:56:02,394 - __mp_main__ - INFO - prior_name: lin_range1
2024-09-20 00:56:02,394 - __mp_main__ - INFO - Window function (NGC): None
2024-09-20 00:56:02,394 - __mp_main__ - INFO - Window function (SGC): None
2024-09-20 00:56:02,394 - __mp_main__ - INFO - COV file: /Users/s2223060/Desktop/primordial_features/data/DESI/QSO/cov/COV_SecondGenMocks_EZmock_v1_QSO_NGC_0.8-2.1_d0.001.txt
2024-09-20 00:56:02,394 - __mp_main__ - INFO - COV file: /Users/s2223060/Desktop/primordial_features/data/DESI/QSO/cov/COV_SecondGenMocks_EZmock_v1_QSO_NGC_0.8-2.1_d0.001.txt
2024-09-20 00:56:02,394 - __mp_main__ - INFO - nwalkers_per_param: 10
2024-09-20 00:56:02,394 - __mp_main__ - INFO - nwalkers_per_param: 10
2024-09-20 00:56:02,394 - __mp_main__ - INFO - linear matter power spectrum: /Users/s2223060/Desktop/primordial_features/cosmologies/power_spectrum/DESI_plin_wiggle.txt
2024-09-20 00:56:02,394 - __mp_main__ - INFO - Window function (NGC): None
2024-09-20 00:56:02,394 - __mp_main__ - INFO - Window function (NGC): None
2024-09-20 00:56:02,394 - __mp_main__ - INFO - COV file: /Users/s2223060/Desktop/primordial_features/data/DESI/QSO/cov/COV_SecondGenMocks_EZmock_v1_QSO_NGC_0.8-2.1_d0.001.txt
2024-09-20 00:56:02,394 - __mp_main__ - INFO - primordial feature model: lin
2024-09-20 00:56:02,394 - __mp_main__ - INFO - priors_dir: /Users/s2223060/Desktop/primordial_features/priors
2024-09-20 00:56:02,394 - __mp_main__ - INFO - Window function (SGC): None
2024-09-20 00:56:02,394 - __mp_main__ - INFO - Window function (SGC): None
2024-09-20 00:56:02,394 - __mp_main__ - INFO - prior_name: lin_range1
2024-09-20 00:56:02,394 - __mp_main__ - INFO - MULTIPROCESSING: True
2024-09-20 00:56:02,394 - __mp_main__ - INFO - linear matter power spectrum: /Users/s2223060/Desktop/primordial_features/cosmologies/power_spectrum/DESI_plin_wiggle.txt
2024-09-20 00:56:02,394 - __mp_main__ - INFO - linear matter power spectrum: /Users/s2223060/Desktop/primordial_features/cosmologies/power_spectrum/DESI_plin_wiggle.txt
2024-09-20 00:56:02,394 - __mp_main__ - INFO - priors_dir: /Users/s2223060/Desktop/primordial_features/priors
2024-09-20 00:56:02,394 - __mp_main__ - INFO - Processes: 8
2024-09-20 00:56:02,394 - __mp_main__ - INFO - primordial feature model: lin
2024-09-20 00:56:02,394 - __mp_main__ - INFO - primordial feature model: lin
2024-09-20 00:56:02,394 - __mp_main__ - INFO - nwalkers_per_param: 10
2024-09-20 00:56:02,394 - __mp_main__ - INFO - Window function (NGC): None
2024-09-20 00:56:02,394 - __mp_main__ - INFO - prior_name: lin_range1
2024-09-20 00:56:02,394 - PowerSpectrumStatistics - INFO - Loading /Users/s2223060/Desktop/primordial_features/data/DESI/QSO/pk/SecondGenMocks_EZmock_v1_QSO_NGC_0.8-2.1_mock_1_d0.001.npy.
2024-09-20 00:56:02,394 - __mp_main__ - INFO - priors_dir: /Users/s2223060/Desktop/primordial_features/priors
2024-09-20 00:56:02,394 - __mp_main__ - INFO - prior_name: lin_range1
2024-09-20 00:56:02,394 - __mp_main__ - INFO - MULTIPROCESSING: True
2024-09-20 00:56:02,394 - __mp_main__ - INFO - MULTIPROCESSING: True
2024-09-20 00:56:02,394 - __mp_main__ - INFO - nwalkers_per_param: 10
2024-09-20 00:56:02,394 - __mp_main__ - INFO - nwalkers_per_param: 10
2024-09-20 00:56:02,394 - __mp_main__ - INFO - Processes: 8
2024-09-20 00:56:02,394 - __mp_main__ - INFO - Window function (SGC): None
2024-09-20 00:56:02,394 - __mp_main__ - INFO - priors_dir: /Users/s2223060/Desktop/primordial_features/priors
2024-09-20 00:56:02,394 - __mp_main__ - INFO - priors_dir: /Users/s2223060/Desktop/primordial_features/priors
2024-09-20 00:56:02,394 - PowerSpectrumStatistics - INFO - Loading /Users/s2223060/Desktop/primordial_features/data/DESI/QSO/pk/SecondGenMocks_EZmock_v1_QSO_NGC_0.8-2.1_mock_1_d0.001.npy.
2024-09-20 00:56:02,394 - __mp_main__ - INFO - MULTIPROCESSING: True
2024-09-20 00:56:02,394 - __mp_main__ - INFO - MULTIPROCESSING: True
2024-09-20 00:56:02,394 - __mp_main__ - INFO - Processes: 8
2024-09-20 00:56:02,394 - __mp_main__ - INFO - Processes: 8
2024-09-20 00:56:02,394 - __mp_main__ - INFO - Processes: 8
2024-09-20 00:56:02,394 - PowerSpectrumStatistics - INFO - Loading /Users/s2223060/Desktop/primordial_features/data/DESI/QSO/pk/SecondGenMocks_EZmock_v1_QSO_NGC_0.8-2.1_mock_1_d0.001.npy.
2024-09-20 00:56:02,394 - PowerSpectrumStatistics - INFO - Loading /Users/s2223060/Desktop/primordial_features/data/DESI/QSO/pk/SecondGenMocks_EZmock_v1_QSO_NGC_0.8-2.1_mock_1_d0.001.npy.
2024-09-20 00:56:02,394 - __mp_main__ - INFO - linear matter power spectrum: /Users/s2223060/Desktop/primordial_features/cosmologies/power_spectrum/DESI_plin_wiggle.txt
2024-09-20 00:56:02,394 - __mp_main__ - INFO - primordial feature model: lin
2024-09-20 00:56:02,394 - __mp_main__ - INFO - COV file: /Users/s2223060/Desktop/primordial_features/data/DESI/QSO/cov/COV_SecondGenMocks_EZmock_v1_QSO_NGC_0.8-2.1_d0.001.txt
2024-09-20 00:56:02,394 - __mp_main__ - INFO - prior_name: lin_range1
2024-09-20 00:56:02,394 - PowerSpectrumStatistics - INFO - Loading /Users/s2223060/Desktop/primordial_features/data/DESI/QSO/pk/SecondGenMocks_EZmock_v1_QSO_NGC_0.8-2.1_mock_1_d0.001.npy.
2024-09-20 00:56:02,394 - __mp_main__ - INFO - Window function (NGC): None
2024-09-20 00:56:02,394 - __mp_main__ - INFO - nwalkers_per_param: 10
2024-09-20 00:56:02,394 - __mp_main__ - INFO - Window function (SGC): None
2024-09-20 00:56:02,394 - __mp_main__ - INFO - priors_dir: /Users/s2223060/Desktop/primordial_features/priors
2024-09-20 00:56:02,394 - __mp_main__ - INFO - linear matter power spectrum: /Users/s2223060/Desktop/primordial_features/cosmologies/power_spectrum/DESI_plin_wiggle.txt
2024-09-20 00:56:02,394 - __mp_main__ - INFO - MULTIPROCESSING: True
2024-09-20 00:56:02,394 - __mp_main__ - INFO - Processes: 8
2024-09-20 00:56:02,394 - __mp_main__ - INFO - primordial feature model: lin
2024-09-20 00:56:02,394 - __mp_main__ - INFO - prior_name: lin_range1
2024-09-20 00:56:02,394 - PowerSpectrumStatistics - INFO - Loading /Users/s2223060/Desktop/primordial_features/data/DESI/QSO/pk/SecondGenMocks_EZmock_v1_QSO_NGC_0.8-2.1_mock_1_d0.001.npy.
2024-09-20 00:56:02,394 - __mp_main__ - INFO - nwalkers_per_param: 10
2024-09-20 00:56:02,394 - __mp_main__ - INFO - priors_dir: /Users/s2223060/Desktop/primordial_features/priors
2024-09-20 00:56:02,394 - __mp_main__ - INFO - MULTIPROCESSING: True
2024-09-20 00:56:02,394 - __mp_main__ - INFO - Processes: 8
2024-09-20 00:56:02,394 - PowerSpectrumStatistics - INFO - Loading /Users/s2223060/Desktop/primordial_features/data/DESI/QSO/pk/SecondGenMocks_EZmock_v1_QSO_NGC_0.8-2.1_mock_1_d0.001.npy.
2024-09-20 00:56:02,465 - __mp_main__ - INFO - DATA file: /Users/s2223060/Desktop/primordial_features/data/DESI/QSO/pk/SecondGenMocks_EZmock_v1_QSO_NGC_0.8-2.1_mock_1_d0.001.npy
2024-09-20 00:56:02,465 - __mp_main__ - INFO - COV file: /Users/s2223060/Desktop/primordial_features/data/DESI/QSO/cov/COV_SecondGenMocks_EZmock_v1_QSO_NGC_0.8-2.1_d0.001.txt
2024-09-20 00:56:02,465 - __mp_main__ - INFO - Window function (NGC): None
2024-09-20 00:56:02,465 - __mp_main__ - INFO - Window function (SGC): None
2024-09-20 00:56:02,465 - __mp_main__ - INFO - linear matter power spectrum: /Users/s2223060/Desktop/primordial_features/cosmologies/power_spectrum/DESI_plin_wiggle.txt
2024-09-20 00:56:02,465 - __mp_main__ - INFO - primordial feature model: lin
2024-09-20 00:56:02,465 - __mp_main__ - INFO - prior_name: lin_range1
2024-09-20 00:56:02,465 - __mp_main__ - INFO - nwalkers_per_param: 10
2024-09-20 00:56:02,465 - __mp_main__ - INFO - priors_dir: /Users/s2223060/Desktop/primordial_features/priors
2024-09-20 00:56:02,465 - __mp_main__ - INFO - MULTIPROCESSING: True
2024-09-20 00:56:02,465 - __mp_main__ - INFO - Processes: 8
2024-09-20 00:56:02,465 - PowerSpectrumStatistics - INFO - Loading /Users/s2223060/Desktop/primordial_features/data/DESI/QSO/pk/SecondGenMocks_EZmock_v1_QSO_NGC_0.8-2.1_mock_1_d0.001.npy.
2024-09-20 00:56:14,989 - mcmc_toolkit - INFO - Using lin_range1 file
2024-09-20 00:56:14,989 - mcmc_toolkit - INFO - Number of walkers set to 120
2024-09-20 00:56:14,989 - __mp_main__ - INFO - Gelman-Rubin convergence criteria: {'N': 4, 'epsilon': 0.03, 'min_length': 10000, 'convergence_steps': 5000, 'initial': 'uniform_prior'}
2024-09-20 00:56:14,989 - mcmc_toolkit - INFO - Using uniform prior
2024-09-20 00:56:14,989 - mcmc_toolkit - INFO - Using uniform prior
2024-09-20 00:56:14,989 - mcmc_toolkit - INFO - Using uniform prior
2024-09-20 00:56:14,989 - mcmc_toolkit - INFO - Using uniform prior
2024-09-20 00:56:20,122 - mcmc_toolkit - INFO - Using lin_range1 file
2024-09-20 00:56:20,122 - mcmc_toolkit - INFO - Number of walkers set to 120
2024-09-20 00:56:20,122 - __mp_main__ - INFO - Gelman-Rubin convergence criteria: {'N': 4, 'epsilon': 0.03, 'min_length': 10000, 'convergence_steps': 5000, 'initial': 'uniform_prior'}
2024-09-20 00:56:20,122 - mcmc_toolkit - INFO - Using uniform prior
2024-09-20 00:56:20,122 - mcmc_toolkit - INFO - Using uniform prior
2024-09-20 00:56:20,122 - mcmc_toolkit - INFO - Using uniform prior
2024-09-20 00:56:20,122 - mcmc_toolkit - INFO - Using uniform prior
2024-09-20 00:56:20,296 - mcmc_toolkit - INFO - Using lin_range1 file
2024-09-20 00:56:20,296 - mcmc_toolkit - INFO - Number of walkers set to 120
2024-09-20 00:56:20,296 - __mp_main__ - INFO - Gelman-Rubin convergence criteria: {'N': 4, 'epsilon': 0.03, 'min_length': 10000, 'convergence_steps': 5000, 'initial': 'uniform_prior'}
2024-09-20 00:56:20,296 - mcmc_toolkit - INFO - Using uniform prior
2024-09-20 00:56:20,296 - mcmc_toolkit - INFO - Using uniform prior
2024-09-20 00:56:20,296 - mcmc_toolkit - INFO - Using uniform prior
2024-09-20 00:56:20,296 - mcmc_toolkit - INFO - Using uniform prior
2024-09-20 00:56:20,560 - mcmc_toolkit - INFO - Using lin_range1 file
2024-09-20 00:56:20,560 - mcmc_toolkit - INFO - Number of walkers set to 120
2024-09-20 00:56:20,560 - __mp_main__ - INFO - Gelman-Rubin convergence criteria: {'N': 4, 'epsilon': 0.03, 'min_length': 10000, 'convergence_steps': 5000, 'initial': 'uniform_prior'}
2024-09-20 00:56:20,560 - mcmc_toolkit - INFO - Using uniform prior
2024-09-20 00:56:20,560 - mcmc_toolkit - INFO - Using uniform prior
2024-09-20 00:56:20,560 - mcmc_toolkit - INFO - Using uniform prior
2024-09-20 00:56:20,560 - mcmc_toolkit - INFO - Using uniform prior
2024-09-20 00:56:21,124 - mcmc_toolkit - INFO - Using lin_range1 file
2024-09-20 00:56:21,124 - mcmc_toolkit - INFO - Number of walkers set to 120
2024-09-20 00:56:21,124 - __mp_main__ - INFO - Gelman-Rubin convergence criteria: {'N': 4, 'epsilon': 0.03, 'min_length': 10000, 'convergence_steps': 5000, 'initial': 'uniform_prior'}
2024-09-20 00:56:21,124 - mcmc_toolkit - INFO - Using uniform prior
2024-09-20 00:56:21,124 - mcmc_toolkit - INFO - Using uniform prior
2024-09-20 00:56:21,125 - mcmc_toolkit - INFO - Using uniform prior
2024-09-20 00:56:21,125 - mcmc_toolkit - INFO - Using uniform prior
2024-09-20 00:56:21,191 - mcmc_toolkit - INFO - Using lin_range1 file
2024-09-20 00:56:21,192 - mcmc_toolkit - INFO - Number of walkers set to 120
2024-09-20 00:56:21,192 - __mp_main__ - INFO - Gelman-Rubin convergence criteria: {'N': 4, 'epsilon': 0.03, 'min_length': 10000, 'convergence_steps': 5000, 'initial': 'uniform_prior'}
2024-09-20 00:56:21,192 - mcmc_toolkit - INFO - Using uniform prior
2024-09-20 00:56:21,192 - mcmc_toolkit - INFO - Using uniform prior
2024-09-20 00:56:21,192 - mcmc_toolkit - INFO - Using uniform prior
2024-09-20 00:56:21,192 - mcmc_toolkit - INFO - Using uniform prior
2024-09-20 00:56:21,444 - mcmc_toolkit - INFO - Using lin_range1 file
2024-09-20 00:56:21,444 - mcmc_toolkit - INFO - Number of walkers set to 120
2024-09-20 00:56:21,444 - __mp_main__ - INFO - Gelman-Rubin convergence criteria: {'N': 4, 'epsilon': 0.03, 'min_length': 10000, 'convergence_steps': 5000, 'initial': 'uniform_prior'}
2024-09-20 00:56:21,444 - mcmc_toolkit - INFO - Using uniform prior
2024-09-20 00:56:21,444 - mcmc_toolkit - INFO - Using uniform prior
2024-09-20 00:56:21,444 - mcmc_toolkit - INFO - Using uniform prior
2024-09-20 00:56:21,444 - mcmc_toolkit - INFO - Using uniform prior
2024-09-20 00:56:21,875 - mcmc_toolkit - INFO - Using lin_range1 file
2024-09-20 00:56:21,875 - mcmc_toolkit - INFO - Number of walkers set to 120
2024-09-20 00:56:21,875 - __mp_main__ - INFO - Gelman-Rubin convergence criteria: {'N': 4, 'epsilon': 0.03, 'min_length': 10000, 'convergence_steps': 5000, 'initial': 'uniform_prior'}
2024-09-20 00:56:21,875 - mcmc_toolkit - INFO - Using uniform prior
2024-09-20 00:56:21,875 - mcmc_toolkit - INFO - Using uniform prior
2024-09-20 00:56:21,875 - mcmc_toolkit - INFO - Using uniform prior
2024-09-20 00:56:21,876 - mcmc_toolkit - INFO - Using uniform prior
